[0.092s] DEBUG:colcon:Command line arguments: ['/usr/bin/colcon', 'build', '--packages-select', 'firstrobot_webots']
[0.092s] DEBUG:colcon:Parsed command line arguments: Namespace(log_base=None, log_level=None, verb_name='build', build_base='build', install_base='install', merge_install=False, symlink_install=False, test_result_base=None, continue_on_error=False, executor='parallel', parallel_workers=12, event_handlers=None, ignore_user_meta=False, metas=['./colcon.meta'], base_paths=['.'], packages_ignore=None, packages_ignore_regex=None, paths=None, packages_up_to=None, packages_up_to_regex=None, packages_above=None, packages_above_and_dependencies=None, packages_above_depth=None, packages_select_by_dep=None, packages_skip_by_dep=None, packages_skip_up_to=None, packages_select_build_failed=False, packages_skip_build_finished=False, packages_select_test_failures=False, packages_skip_test_passed=False, packages_select=['firstrobot_webots'], packages_skip=None, packages_select_regex=None, packages_skip_regex=None, packages_start=None, packages_end=None, allow_overriding=[], cmake_args=None, cmake_target=None, cmake_target_skip_unavailable=False, cmake_clean_cache=False, cmake_clean_first=False, cmake_force_configure=False, ament_cmake_args=None, catkin_cmake_args=None, catkin_skip_building_tests=False, mixin_files=None, mixin=None, verb_parser=<colcon_mixin.mixin.mixin_argument.MixinArgumentDecorator object at 0x708500354460>, verb_extension=<colcon_core.verb.build.BuildVerb object at 0x708500327bb0>, main=<bound method BuildVerb.main of <colcon_core.verb.build.BuildVerb object at 0x708500327bb0>>, mixin_verb=('build',))
[0.229s] Level 1:colcon.colcon_core.package_discovery:discover_packages(colcon_meta) check parameters
[0.229s] Level 1:colcon.colcon_core.package_discovery:discover_packages(recursive) check parameters
[0.229s] Level 1:colcon.colcon_core.package_discovery:discover_packages(ignore) check parameters
[0.229s] Level 1:colcon.colcon_core.package_discovery:discover_packages(path) check parameters
[0.229s] Level 1:colcon.colcon_core.package_discovery:discover_packages(colcon_meta) discover
[0.229s] Level 1:colcon.colcon_core.package_discovery:discover_packages(recursive) discover
[0.229s] INFO:colcon.colcon_core.package_discovery:Crawling recursively for packages in '/root/webots_ros2'
[0.229s] Level 1:colcon.colcon_core.package_identification:_identify(.) by extensions ['ignore', 'ignore_ament_install']
[0.229s] Level 1:colcon.colcon_core.package_identification:_identify(.) by extension 'ignore'
[0.229s] Level 1:colcon.colcon_core.package_identification:_identify(.) by extension 'ignore_ament_install'
[0.229s] Level 1:colcon.colcon_core.package_identification:_identify(.) by extensions ['colcon_pkg']
[0.229s] Level 1:colcon.colcon_core.package_identification:_identify(.) by extension 'colcon_pkg'
[0.229s] Level 1:colcon.colcon_core.package_identification:_identify(.) by extensions ['colcon_meta']
[0.229s] Level 1:colcon.colcon_core.package_identification:_identify(.) by extension 'colcon_meta'
[0.229s] Level 1:colcon.colcon_core.package_identification:_identify(.) by extensions ['ros']
[0.229s] Level 1:colcon.colcon_core.package_identification:_identify(.) by extension 'ros'
[0.240s] DEBUG:colcon.colcon_core.package_identification:Package '.' with type 'ros.ament_cmake' and name 'firstrobot_webots'
[0.240s] Level 1:colcon.colcon_core.package_discovery:discover_packages(recursive) using defaults
[0.241s] Level 1:colcon.colcon_core.package_discovery:discover_packages(ignore) discover
[0.241s] Level 1:colcon.colcon_core.package_discovery:discover_packages(ignore) using defaults
[0.241s] Level 1:colcon.colcon_core.package_discovery:discover_packages(path) discover
[0.241s] Level 1:colcon.colcon_core.package_discovery:discover_packages(path) using defaults
[0.257s] Level 1:colcon.colcon_core.package_discovery:discover_packages(prefix_path) check parameters
[0.257s] Level 1:colcon.colcon_core.package_discovery:discover_packages(prefix_path) discover
[0.258s] DEBUG:colcon.colcon_installed_package_information.package_discovery:Found 1 installed packages in /root/webots_ros2/install
[0.260s] DEBUG:colcon.colcon_installed_package_information.package_discovery:Found 302 installed packages in /opt/ros/humble
[0.270s] Level 1:colcon.colcon_core.package_discovery:discover_packages(prefix_path) using defaults
[0.306s] Level 5:colcon.colcon_core.verb:set package 'firstrobot_webots' build argument 'cmake_args' from command line to 'None'
[0.306s] Level 5:colcon.colcon_core.verb:set package 'firstrobot_webots' build argument 'cmake_target' from command line to 'None'
[0.306s] Level 5:colcon.colcon_core.verb:set package 'firstrobot_webots' build argument 'cmake_target_skip_unavailable' from command line to 'False'
[0.306s] Level 5:colcon.colcon_core.verb:set package 'firstrobot_webots' build argument 'cmake_clean_cache' from command line to 'False'
[0.306s] Level 5:colcon.colcon_core.verb:set package 'firstrobot_webots' build argument 'cmake_clean_first' from command line to 'False'
[0.306s] Level 5:colcon.colcon_core.verb:set package 'firstrobot_webots' build argument 'cmake_force_configure' from command line to 'False'
[0.306s] Level 5:colcon.colcon_core.verb:set package 'firstrobot_webots' build argument 'ament_cmake_args' from command line to 'None'
[0.306s] Level 5:colcon.colcon_core.verb:set package 'firstrobot_webots' build argument 'catkin_cmake_args' from command line to 'None'
[0.306s] Level 5:colcon.colcon_core.verb:set package 'firstrobot_webots' build argument 'catkin_skip_building_tests' from command line to 'False'
[0.306s] DEBUG:colcon.colcon_core.verb:Building package 'firstrobot_webots' with the following arguments: {'ament_cmake_args': None, 'build_base': '/root/webots_ros2/build/firstrobot_webots', 'catkin_cmake_args': None, 'catkin_skip_building_tests': False, 'cmake_args': None, 'cmake_clean_cache': False, 'cmake_clean_first': False, 'cmake_force_configure': False, 'cmake_target': None, 'cmake_target_skip_unavailable': False, 'install_base': '/root/webots_ros2/install/firstrobot_webots', 'merge_install': False, 'path': '/root/webots_ros2', 'symlink_install': False, 'test_result_base': None}
[0.306s] INFO:colcon.colcon_core.executor:Executing jobs using 'parallel' executor
[0.307s] DEBUG:colcon.colcon_parallel_executor.executor.parallel:run_until_complete
[0.308s] INFO:colcon.colcon_ros.task.ament_cmake.build:Building ROS package in '/root/webots_ros2' with build type 'ament_cmake'
[0.308s] INFO:colcon.colcon_cmake.task.cmake.build:Building CMake package in '/root/webots_ros2'
[0.310s] INFO:colcon.colcon_core.plugin_system:Skipping extension 'colcon_core.shell.bat': Not used on non-Windows systems
[0.310s] INFO:colcon.colcon_core.shell:Skip shell extension 'powershell' for command environment: Not usable outside of PowerShell
[0.310s] DEBUG:colcon.colcon_core.shell:Skip shell extension 'dsv' for command environment
[0.320s] DEBUG:colcon.colcon_core.event_handler.log_command:Invoking command in '/root/webots_ros2/build/firstrobot_webots': CMAKE_PREFIX_PATH=${CMAKE_PREFIX_PATH}:/opt/ros/humble /usr/bin/cmake --build /root/webots_ros2/build/firstrobot_webots -- -j12 -l12
[7.742s] DEBUG:colcon.colcon_core.event_handler.log_command:Invoked command in '/root/webots_ros2/build/firstrobot_webots' returned '0': CMAKE_PREFIX_PATH=${CMAKE_PREFIX_PATH}:/opt/ros/humble /usr/bin/cmake --build /root/webots_ros2/build/firstrobot_webots -- -j12 -l12
[7.750s] DEBUG:colcon.colcon_core.event_handler.log_command:Invoking command in '/root/webots_ros2/build/firstrobot_webots': CMAKE_PREFIX_PATH=${CMAKE_PREFIX_PATH}:/opt/ros/humble /usr/bin/cmake --install /root/webots_ros2/build/firstrobot_webots
[7.765s] Level 1:colcon.colcon_core.environment:create_environment_scripts_only(firstrobot_webots)
[7.765s] DEBUG:colcon.colcon_core.event_handler.log_command:Invoked command in '/root/webots_ros2/build/firstrobot_webots' returned '0': CMAKE_PREFIX_PATH=${CMAKE_PREFIX_PATH}:/opt/ros/humble /usr/bin/cmake --install /root/webots_ros2/build/firstrobot_webots
[7.767s] Level 1:colcon.colcon_core.environment:checking '/root/webots_ros2/install/firstrobot_webots' for CMake module files
[7.767s] Level 1:colcon.colcon_core.environment:checking '/root/webots_ros2/install/firstrobot_webots' for CMake config files
[7.767s] Level 1:colcon.colcon_core.shell:create_environment_hook('firstrobot_webots', 'cmake_prefix_path')
[7.768s] INFO:colcon.colcon_core.shell:Creating environment hook '/root/webots_ros2/install/firstrobot_webots/share/firstrobot_webots/hook/cmake_prefix_path.ps1'
[7.768s] INFO:colcon.colcon_core.shell:Creating environment descriptor '/root/webots_ros2/install/firstrobot_webots/share/firstrobot_webots/hook/cmake_prefix_path.dsv'
[7.769s] INFO:colcon.colcon_core.shell:Creating environment hook '/root/webots_ros2/install/firstrobot_webots/share/firstrobot_webots/hook/cmake_prefix_path.sh'
[7.769s] Level 1:colcon.colcon_core.environment:checking '/root/webots_ros2/install/firstrobot_webots/lib'
[7.769s] Level 1:colcon.colcon_core.shell:create_environment_hook('firstrobot_webots', 'ld_library_path_lib')
[7.770s] INFO:colcon.colcon_core.shell:Creating environment hook '/root/webots_ros2/install/firstrobot_webots/share/firstrobot_webots/hook/ld_library_path_lib.ps1'
[7.770s] INFO:colcon.colcon_core.shell:Creating environment descriptor '/root/webots_ros2/install/firstrobot_webots/share/firstrobot_webots/hook/ld_library_path_lib.dsv'
[7.770s] INFO:colcon.colcon_core.shell:Creating environment hook '/root/webots_ros2/install/firstrobot_webots/share/firstrobot_webots/hook/ld_library_path_lib.sh'
[7.770s] Level 1:colcon.colcon_core.environment:checking '/root/webots_ros2/install/firstrobot_webots/bin'
[7.770s] Level 1:colcon.colcon_core.environment:checking '/root/webots_ros2/install/firstrobot_webots/lib/pkgconfig/firstrobot_webots.pc'
[7.771s] Level 1:colcon.colcon_core.environment:checking '/root/webots_ros2/install/firstrobot_webots/lib/python3.10/site-packages'
[7.771s] Level 1:colcon.colcon_core.environment:checking '/root/webots_ros2/install/firstrobot_webots/bin'
[7.771s] INFO:colcon.colcon_core.shell:Creating package script '/root/webots_ros2/install/firstrobot_webots/share/firstrobot_webots/package.ps1'
[7.772s] INFO:colcon.colcon_core.shell:Creating package descriptor '/root/webots_ros2/install/firstrobot_webots/share/firstrobot_webots/package.dsv'
[7.772s] INFO:colcon.colcon_core.shell:Creating package script '/root/webots_ros2/install/firstrobot_webots/share/firstrobot_webots/package.sh'
[7.773s] INFO:colcon.colcon_core.shell:Creating package script '/root/webots_ros2/install/firstrobot_webots/share/firstrobot_webots/package.bash'
[7.774s] INFO:colcon.colcon_core.shell:Creating package script '/root/webots_ros2/install/firstrobot_webots/share/firstrobot_webots/package.zsh'
[7.774s] Level 1:colcon.colcon_core.environment:create_file_with_runtime_dependencies(/root/webots_ros2/install/firstrobot_webots/share/colcon-core/packages/firstrobot_webots)
[7.775s] Level 1:colcon.colcon_core.environment:create_environment_scripts_only(firstrobot_webots)
[7.775s] Level 1:colcon.colcon_core.environment:checking '/root/webots_ros2/install/firstrobot_webots' for CMake module files
[7.775s] Level 1:colcon.colcon_core.environment:checking '/root/webots_ros2/install/firstrobot_webots' for CMake config files
[7.776s] Level 1:colcon.colcon_core.shell:create_environment_hook('firstrobot_webots', 'cmake_prefix_path')
[7.776s] INFO:colcon.colcon_core.shell:Creating environment hook '/root/webots_ros2/install/firstrobot_webots/share/firstrobot_webots/hook/cmake_prefix_path.ps1'
[7.776s] INFO:colcon.colcon_core.shell:Creating environment descriptor '/root/webots_ros2/install/firstrobot_webots/share/firstrobot_webots/hook/cmake_prefix_path.dsv'
[7.776s] INFO:colcon.colcon_core.shell:Creating environment hook '/root/webots_ros2/install/firstrobot_webots/share/firstrobot_webots/hook/cmake_prefix_path.sh'
[7.777s] Level 1:colcon.colcon_core.environment:checking '/root/webots_ros2/install/firstrobot_webots/lib'
[7.777s] Level 1:colcon.colcon_core.shell:create_environment_hook('firstrobot_webots', 'ld_library_path_lib')
[7.777s] INFO:colcon.colcon_core.shell:Creating environment hook '/root/webots_ros2/install/firstrobot_webots/share/firstrobot_webots/hook/ld_library_path_lib.ps1'
[7.777s] INFO:colcon.colcon_core.shell:Creating environment descriptor '/root/webots_ros2/install/firstrobot_webots/share/firstrobot_webots/hook/ld_library_path_lib.dsv'
[7.778s] INFO:colcon.colcon_core.shell:Creating environment hook '/root/webots_ros2/install/firstrobot_webots/share/firstrobot_webots/hook/ld_library_path_lib.sh'
[7.778s] Level 1:colcon.colcon_core.environment:checking '/root/webots_ros2/install/firstrobot_webots/bin'
[7.778s] Level 1:colcon.colcon_core.environment:checking '/root/webots_ros2/install/firstrobot_webots/lib/pkgconfig/firstrobot_webots.pc'
[7.778s] Level 1:colcon.colcon_core.environment:checking '/root/webots_ros2/install/firstrobot_webots/lib/python3.10/site-packages'
[7.778s] Level 1:colcon.colcon_core.environment:checking '/root/webots_ros2/install/firstrobot_webots/bin'
[7.778s] INFO:colcon.colcon_core.shell:Creating package script '/root/webots_ros2/install/firstrobot_webots/share/firstrobot_webots/package.ps1'
[7.779s] INFO:colcon.colcon_core.shell:Creating package descriptor '/root/webots_ros2/install/firstrobot_webots/share/firstrobot_webots/package.dsv'
[7.779s] INFO:colcon.colcon_core.shell:Creating package script '/root/webots_ros2/install/firstrobot_webots/share/firstrobot_webots/package.sh'
[7.780s] INFO:colcon.colcon_core.shell:Creating package script '/root/webots_ros2/install/firstrobot_webots/share/firstrobot_webots/package.bash'
[7.786s] INFO:colcon.colcon_core.shell:Creating package script '/root/webots_ros2/install/firstrobot_webots/share/firstrobot_webots/package.zsh'
[7.787s] Level 1:colcon.colcon_core.environment:create_file_with_runtime_dependencies(/root/webots_ros2/install/firstrobot_webots/share/colcon-core/packages/firstrobot_webots)
[7.787s] DEBUG:colcon.colcon_parallel_executor.executor.parallel:closing loop
[7.787s] DEBUG:colcon.colcon_parallel_executor.executor.parallel:loop closed
[7.788s] DEBUG:colcon.colcon_parallel_executor.executor.parallel:run_until_complete finished with '0'
[7.788s] DEBUG:colcon.colcon_core.event_reactor:joining thread
[7.793s] INFO:colcon.colcon_core.plugin_system:Skipping extension 'colcon_notification.desktop_notification.notify_send': Could not find 'notify-send'
[7.793s] INFO:colcon.colcon_core.plugin_system:Skipping extension 'colcon_notification.desktop_notification.terminal_notifier': Not used on non-Darwin systems
[7.793s] INFO:colcon.colcon_core.plugin_system:Skipping extension 'colcon_notification.desktop_notification.win32': Not used on non-Windows systems
[7.793s] INFO:colcon.colcon_notification.desktop_notification:Sending desktop notification using 'notify2'
[7.795s] DEBUG:colcon.colcon_notification.desktop_notification.notify2:Failed to initialize notify2: org.freedesktop.DBus.Error.Spawn.ExecFailed: /usr/bin/dbus-launch terminated abnormally without any error message
[7.796s] DEBUG:colcon.colcon_core.event_reactor:joined thread
[7.796s] INFO:colcon.colcon_core.shell:Creating prefix script '/root/webots_ros2/install/local_setup.ps1'
[7.797s] INFO:colcon.colcon_core.shell:Creating prefix util module '/root/webots_ros2/install/_local_setup_util_ps1.py'
[7.799s] INFO:colcon.colcon_core.shell:Creating prefix chain script '/root/webots_ros2/install/setup.ps1'
[7.800s] INFO:colcon.colcon_core.shell:Creating prefix script '/root/webots_ros2/install/local_setup.sh'
[7.800s] INFO:colcon.colcon_core.shell:Creating prefix util module '/root/webots_ros2/install/_local_setup_util_sh.py'
[7.801s] INFO:colcon.colcon_core.shell:Creating prefix chain script '/root/webots_ros2/install/setup.sh'
[7.802s] INFO:colcon.colcon_core.shell:Creating prefix script '/root/webots_ros2/install/local_setup.bash'
[7.802s] INFO:colcon.colcon_core.shell:Creating prefix chain script '/root/webots_ros2/install/setup.bash'
[7.803s] INFO:colcon.colcon_core.shell:Creating prefix script '/root/webots_ros2/install/local_setup.zsh'
[7.803s] INFO:colcon.colcon_core.shell:Creating prefix chain script '/root/webots_ros2/install/setup.zsh'
