[0.010s] Invoking command in '/root/webots_ros2/build/firstrobot_webots': CMAKE_PREFIX_PATH=/opt/ros/humble /usr/bin/cmake --build /root/webots_ros2/build/firstrobot_webots -- -j12 -l12
[0.065s] [ 75%] [32mBuilding CXX object CMakeFiles/obstacle_avoider.dir/src/ObstacleAvoider.cpp.o[0m
[0.065s] [ 75%] Built target firstrobot_webots
[6.698s] [100%] [32m[1mLinking CXX executable obstacle_avoider[0m
[7.064s] [100%] Built target obstacle_avoider
[7.075s] Invoked command in '/root/webots_ros2/build/firstrobot_webots' returned '0': CMAKE_PREFIX_PATH=/opt/ros/humble /usr/bin/cmake --build /root/webots_ros2/build/firstrobot_webots -- -j12 -l12
[7.083s] Invoking command in '/root/webots_ros2/build/firstrobot_webots': CMAKE_PREFIX_PATH=/opt/ros/humble /usr/bin/cmake --install /root/webots_ros2/build/firstrobot_webots
[7.091s] -- Install configuration: ""
[7.091s] -- Up-to-date: /root/webots_ros2/install/firstrobot_webots/share/firstrobot_webots/my_robot_driver.xml
[7.091s] -- Installing: /root/webots_ros2/install/firstrobot_webots/lib/firstrobot_webots/obstacle_avoider
[7.095s] -- Set runtime path of "/root/webots_ros2/install/firstrobot_webots/lib/firstrobot_webots/obstacle_avoider" to ""
[7.095s] -- Up-to-date: /root/webots_ros2/install/firstrobot_webots/include
[7.095s] -- Up-to-date: /root/webots_ros2/install/firstrobot_webots/include/firstrobot_webots
[7.096s] -- Up-to-date: /root/webots_ros2/install/firstrobot_webots/include/firstrobot_webots/ObstacleAvoider.hpp
[7.096s] -- Up-to-date: /root/webots_ros2/install/firstrobot_webots/include/firstrobot_webots/MyRobotDriver.hpp
[7.096s] -- Up-to-date: /root/webots_ros2/install/firstrobot_webots/lib/libfirstrobot_webots.so
[7.096s] -- Up-to-date: /root/webots_ros2/install/firstrobot_webots/share/firstrobot_webots//launch
[7.096s] -- Up-to-date: /root/webots_ros2/install/firstrobot_webots/share/firstrobot_webots//launch/robot_launch.py
[7.096s] -- Up-to-date: /root/webots_ros2/install/firstrobot_webots/share/firstrobot_webots//resource
[7.096s] -- Up-to-date: /root/webots_ros2/install/firstrobot_webots/share/firstrobot_webots//resource/my_robot.urdf
[7.096s] -- Up-to-date: /root/webots_ros2/install/firstrobot_webots/share/firstrobot_webots//worlds
[7.096s] -- Installing: /root/webots_ros2/install/firstrobot_webots/share/firstrobot_webots//worlds/my_world.wbt
[7.096s] -- Up-to-date: /root/webots_ros2/install/firstrobot_webots/share/firstrobot_webots/environment/library_path.sh
[7.096s] -- Up-to-date: /root/webots_ros2/install/firstrobot_webots/share/firstrobot_webots/environment/library_path.dsv
[7.097s] -- Up-to-date: /root/webots_ros2/install/firstrobot_webots/share/ament_index/resource_index/package_run_dependencies/firstrobot_webots
[7.097s] -- Up-to-date: /root/webots_ros2/install/firstrobot_webots/share/ament_index/resource_index/parent_prefix_path/firstrobot_webots
[7.097s] -- Up-to-date: /root/webots_ros2/install/firstrobot_webots/share/firstrobot_webots/environment/ament_prefix_path.sh
[7.097s] -- Up-to-date: /root/webots_ros2/install/firstrobot_webots/share/firstrobot_webots/environment/ament_prefix_path.dsv
[7.097s] -- Up-to-date: /root/webots_ros2/install/firstrobot_webots/share/firstrobot_webots/environment/path.sh
[7.097s] -- Up-to-date: /root/webots_ros2/install/firstrobot_webots/share/firstrobot_webots/environment/path.dsv
[7.097s] -- Up-to-date: /root/webots_ros2/install/firstrobot_webots/share/firstrobot_webots/local_setup.bash
[7.097s] -- Up-to-date: /root/webots_ros2/install/firstrobot_webots/share/firstrobot_webots/local_setup.sh
[7.097s] -- Up-to-date: /root/webots_ros2/install/firstrobot_webots/share/firstrobot_webots/local_setup.zsh
[7.097s] -- Up-to-date: /root/webots_ros2/install/firstrobot_webots/share/firstrobot_webots/local_setup.dsv
[7.097s] -- Installing: /root/webots_ros2/install/firstrobot_webots/share/firstrobot_webots/package.dsv
[7.097s] -- Up-to-date: /root/webots_ros2/install/firstrobot_webots/share/ament_index/resource_index/packages/firstrobot_webots
[7.097s] -- Up-to-date: /root/webots_ros2/install/firstrobot_webots/share/ament_index/resource_index/webots_ros2_driver__pluginlib__plugin/firstrobot_webots
[7.097s] -- Up-to-date: /root/webots_ros2/install/firstrobot_webots/share/firstrobot_webots/cmake/ament_cmake_export_include_directories-extras.cmake
[7.097s] -- Up-to-date: /root/webots_ros2/install/firstrobot_webots/share/firstrobot_webots/cmake/ament_cmake_export_libraries-extras.cmake
[7.097s] -- Up-to-date: /root/webots_ros2/install/firstrobot_webots/share/firstrobot_webots/cmake/firstrobot_webotsConfig.cmake
[7.097s] -- Up-to-date: /root/webots_ros2/install/firstrobot_webots/share/firstrobot_webots/cmake/firstrobot_webotsConfig-version.cmake
[7.097s] -- Up-to-date: /root/webots_ros2/install/firstrobot_webots/share/firstrobot_webots/package.xml
[7.099s] Invoked command in '/root/webots_ros2/build/firstrobot_webots' returned '0': CMAKE_PREFIX_PATH=/opt/ros/humble /usr/bin/cmake --install /root/webots_ros2/build/firstrobot_webots
