-- The C compiler identification is GNU 11.4.0
-- The CXX compiler identification is GNU 11.4.0
-- Detecting C compiler ABI info
-- Detecting C compiler ABI info - done
-- Check for working C compiler: /usr/bin/cc - skipped
-- Detecting C compile features
-- Detecting C compile features - done
-- Detecting CXX compiler ABI info
-- Detecting CXX compiler ABI info - done
-- Check for working CXX compiler: /usr/bin/c++ - skipped
-- Detecting CXX compile features
-- Detecting CXX compile features - done
-- Found ament_cmake: 1.3.11 (/opt/ros/humble/share/ament_cmake/cmake)
-- Found Python3: /usr/bin/python3 (found version "3.10.12") found components: Interpreter 
-- Found rclcpp: 16.0.11 (/opt/ros/humble/share/rclcpp/cmake)
-- Found rosidl_generator_c: 3.1.6 (/opt/ros/humble/share/rosidl_generator_c/cmake)
-- Found rosidl_adapter: 3.1.6 (/opt/ros/humble/share/rosidl_adapter/cmake)
-- Found rosidl_generator_cpp: 3.1.6 (/opt/ros/humble/share/rosidl_generator_cpp/cmake)
-- Using all available rosidl_typesupport_c: rosidl_typesupport_fastrtps_c;rosidl_typesupport_introspection_c
-- Using all available rosidl_typesupport_cpp: rosidl_typesupport_fastrtps_cpp;rosidl_typesupport_introspection_cpp
-- Found rmw_implementation_cmake: 6.1.2 (/opt/ros/humble/share/rmw_implementation_cmake/cmake)
-- Found rmw_fastrtps_cpp: 6.2.7 (/opt/ros/humble/share/rmw_fastrtps_cpp/cmake)
-- Found OpenSSL: /usr/lib/x86_64-linux-gnu/libcrypto.so (found version "3.0.2")  
-- Found FastRTPS: /opt/ros/humble/include  
-- Using RMW implementation 'rmw_fastrtps_cpp' as default
-- Looking for pthread.h
-- Looking for pthread.h - found
-- Performing Test CMAKE_HAVE_LIBC_PTHREAD
-- Performing Test CMAKE_HAVE_LIBC_PTHREAD - Success
-- Found Threads: TRUE  
-- Found geometry_msgs: 4.2.4 (/opt/ros/humble/share/geometry_msgs/cmake)
-- Found pluginlib: 5.1.0 (/opt/ros/humble/share/pluginlib/cmake)
-- Found webots_ros2_driver: 2023.1.3 (/opt/ros/humble/share/webots_ros2_driver/cmake)
-- Found eigen3_cmake_module: 0.1.1 (/opt/ros/humble/share/eigen3_cmake_module/cmake)
-- Found Eigen3: TRUE (found version "3.4.0") 
-- Ensuring Eigen3 include directory is part of orocos-kdl CMake target
-- Configuring done
-- Generating done
-- Build files have been written to: /root/webots_ros2/build/firstrobot_webots
[ 25%] [32mBuilding CXX object CMakeFiles/obstacle_avoider.dir/src/ObstacleAvoider.cpp.o[0m
[ 50%] [32mBuilding CXX object CMakeFiles/firstrobot_webots.dir/src/MyRobotDriver.cpp.o[0m
[ 75%] [32m[1mLinking CXX executable obstacle_avoider[0m
[100%] [32m[1mLinking CXX shared library libfirstrobot_webots.so[0m
[100%] Built target obstacle_avoider
[100%] Built target firstrobot_webots
-- Install configuration: ""
-- Installing: /root/webots_ros2/install/firstrobot_webots/share/firstrobot_webots/my_robot_driver.xml
-- Installing: /root/webots_ros2/install/firstrobot_webots/lib/firstrobot_webots/obstacle_avoider
-- Set runtime path of "/root/webots_ros2/install/firstrobot_webots/lib/firstrobot_webots/obstacle_avoider" to ""
-- Installing: /root/webots_ros2/install/firstrobot_webots/include
-- Installing: /root/webots_ros2/install/firstrobot_webots/include/firstrobot_webots
-- Installing: /root/webots_ros2/install/firstrobot_webots/include/firstrobot_webots/ObstacleAvoider.hpp
-- Installing: /root/webots_ros2/install/firstrobot_webots/include/firstrobot_webots/MyRobotDriver.hpp
-- Installing: /root/webots_ros2/install/firstrobot_webots/lib/libfirstrobot_webots.so
-- Set runtime path of "/root/webots_ros2/install/firstrobot_webots/lib/libfirstrobot_webots.so" to ""
-- Installing: /root/webots_ros2/install/firstrobot_webots/share/firstrobot_webots//launch
-- Installing: /root/webots_ros2/install/firstrobot_webots/share/firstrobot_webots//launch/robot_launch.py
-- Installing: /root/webots_ros2/install/firstrobot_webots/share/firstrobot_webots//resource
-- Installing: /root/webots_ros2/install/firstrobot_webots/share/firstrobot_webots//resource/my_robot.urdf
-- Installing: /root/webots_ros2/install/firstrobot_webots/share/firstrobot_webots//worlds
-- Installing: /root/webots_ros2/install/firstrobot_webots/share/firstrobot_webots//worlds/my_world.wbt
-- Installing: /root/webots_ros2/install/firstrobot_webots/share/firstrobot_webots/environment/library_path.sh
-- Installing: /root/webots_ros2/install/firstrobot_webots/share/firstrobot_webots/environment/library_path.dsv
-- Installing: /root/webots_ros2/install/firstrobot_webots/share/ament_index/resource_index/package_run_dependencies/firstrobot_webots
-- Installing: /root/webots_ros2/install/firstrobot_webots/share/ament_index/resource_index/parent_prefix_path/firstrobot_webots
-- Installing: /root/webots_ros2/install/firstrobot_webots/share/firstrobot_webots/environment/ament_prefix_path.sh
-- Installing: /root/webots_ros2/install/firstrobot_webots/share/firstrobot_webots/environment/ament_prefix_path.dsv
-- Installing: /root/webots_ros2/install/firstrobot_webots/share/firstrobot_webots/environment/path.sh
-- Installing: /root/webots_ros2/install/firstrobot_webots/share/firstrobot_webots/environment/path.dsv
-- Installing: /root/webots_ros2/install/firstrobot_webots/share/firstrobot_webots/local_setup.bash
-- Installing: /root/webots_ros2/install/firstrobot_webots/share/firstrobot_webots/local_setup.sh
-- Installing: /root/webots_ros2/install/firstrobot_webots/share/firstrobot_webots/local_setup.zsh
-- Installing: /root/webots_ros2/install/firstrobot_webots/share/firstrobot_webots/local_setup.dsv
-- Installing: /root/webots_ros2/install/firstrobot_webots/share/firstrobot_webots/package.dsv
-- Installing: /root/webots_ros2/install/firstrobot_webots/share/ament_index/resource_index/packages/firstrobot_webots
-- Installing: /root/webots_ros2/install/firstrobot_webots/share/ament_index/resource_index/webots_ros2_driver__pluginlib__plugin/firstrobot_webots
-- Installing: /root/webots_ros2/install/firstrobot_webots/share/firstrobot_webots/cmake/ament_cmake_export_include_directories-extras.cmake
-- Installing: /root/webots_ros2/install/firstrobot_webots/share/firstrobot_webots/cmake/ament_cmake_export_libraries-extras.cmake
-- Installing: /root/webots_ros2/install/firstrobot_webots/share/firstrobot_webots/cmake/firstrobot_webotsConfig.cmake
-- Installing: /root/webots_ros2/install/firstrobot_webots/share/firstrobot_webots/cmake/firstrobot_webotsConfig-version.cmake
-- Installing: /root/webots_ros2/install/firstrobot_webots/share/firstrobot_webots/package.xml
