[0.086s] DEBUG:colcon:Command line arguments: ['/usr/bin/colcon', 'build']
[0.086s] DEBUG:colcon:Parsed command line arguments: Namespace(log_base=None, log_level=None, verb_name='build', build_base='build', install_base='install', merge_install=False, symlink_install=False, test_result_base=None, continue_on_error=False, executor='parallel', parallel_workers=12, event_handlers=None, ignore_user_meta=False, metas=['./colcon.meta'], base_paths=['.'], packages_ignore=None, packages_ignore_regex=None, paths=None, packages_up_to=None, packages_up_to_regex=None, packages_above=None, packages_above_and_dependencies=None, packages_above_depth=None, packages_select_by_dep=None, packages_skip_by_dep=None, packages_skip_up_to=None, packages_select_build_failed=False, packages_skip_build_finished=False, packages_select_test_failures=False, packages_skip_test_passed=False, packages_select=None, packages_skip=None, packages_select_regex=None, packages_skip_regex=None, packages_start=None, packages_end=None, allow_overriding=[], cmake_args=None, cmake_target=None, cmake_target_skip_unavailable=False, cmake_clean_cache=False, cmake_clean_first=False, cmake_force_configure=False, ament_cmake_args=None, catkin_cmake_args=None, catkin_skip_building_tests=False, mixin_files=None, mixin=None, verb_parser=<colcon_mixin.mixin.mixin_argument.MixinArgumentDecorator object at 0x7d2b15a0c460>, verb_extension=<colcon_core.verb.build.BuildVerb object at 0x7d2b159dfbb0>, main=<bound method BuildVerb.main of <colcon_core.verb.build.BuildVerb object at 0x7d2b159dfbb0>>, mixin_verb=('build',))
[0.213s] Level 1:colcon.colcon_core.package_discovery:discover_packages(colcon_meta) check parameters
[0.213s] Level 1:colcon.colcon_core.package_discovery:discover_packages(recursive) check parameters
[0.213s] Level 1:colcon.colcon_core.package_discovery:discover_packages(ignore) check parameters
[0.213s] Level 1:colcon.colcon_core.package_discovery:discover_packages(path) check parameters
[0.213s] Level 1:colcon.colcon_core.package_discovery:discover_packages(colcon_meta) discover
[0.213s] Level 1:colcon.colcon_core.package_discovery:discover_packages(recursive) discover
[0.213s] INFO:colcon.colcon_core.package_discovery:Crawling recursively for packages in '/root/webots_ros2'
[0.213s] Level 1:colcon.colcon_core.package_identification:_identify(.) by extensions ['ignore', 'ignore_ament_install']
[0.213s] Level 1:colcon.colcon_core.package_identification:_identify(.) by extension 'ignore'
[0.213s] Level 1:colcon.colcon_core.package_identification:_identify(.) by extension 'ignore_ament_install'
[0.213s] Level 1:colcon.colcon_core.package_identification:_identify(.) by extensions ['colcon_pkg']
[0.213s] Level 1:colcon.colcon_core.package_identification:_identify(.) by extension 'colcon_pkg'
[0.213s] Level 1:colcon.colcon_core.package_identification:_identify(.) by extensions ['colcon_meta']
[0.213s] Level 1:colcon.colcon_core.package_identification:_identify(.) by extension 'colcon_meta'
[0.213s] Level 1:colcon.colcon_core.package_identification:_identify(.) by extensions ['ros']
[0.213s] Level 1:colcon.colcon_core.package_identification:_identify(.) by extension 'ros'
[0.233s] DEBUG:colcon.colcon_core.package_identification:Package '.' with type 'ros.ament_cmake' and name 'firstrobot_webots'
[0.233s] Level 1:colcon.colcon_core.package_discovery:discover_packages(recursive) using defaults
[0.233s] Level 1:colcon.colcon_core.package_discovery:discover_packages(ignore) discover
[0.233s] Level 1:colcon.colcon_core.package_discovery:discover_packages(ignore) using defaults
[0.233s] Level 1:colcon.colcon_core.package_discovery:discover_packages(path) discover
[0.233s] Level 1:colcon.colcon_core.package_discovery:discover_packages(path) using defaults
[0.248s] Level 1:colcon.colcon_core.package_discovery:discover_packages(prefix_path) check parameters
[0.248s] Level 1:colcon.colcon_core.package_discovery:discover_packages(prefix_path) discover
[0.249s] DEBUG:colcon.colcon_installed_package_information.package_discovery:Found 0 installed packages in /usr/local/install
[0.250s] DEBUG:colcon.colcon_installed_package_information.package_discovery:Found 302 installed packages in /opt/ros/humble
[0.258s] Level 1:colcon.colcon_core.package_discovery:discover_packages(prefix_path) using defaults
[0.291s] Level 5:colcon.colcon_core.verb:set package 'firstrobot_webots' build argument 'cmake_args' from command line to 'None'
[0.291s] Level 5:colcon.colcon_core.verb:set package 'firstrobot_webots' build argument 'cmake_target' from command line to 'None'
[0.291s] Level 5:colcon.colcon_core.verb:set package 'firstrobot_webots' build argument 'cmake_target_skip_unavailable' from command line to 'False'
[0.291s] Level 5:colcon.colcon_core.verb:set package 'firstrobot_webots' build argument 'cmake_clean_cache' from command line to 'False'
[0.291s] Level 5:colcon.colcon_core.verb:set package 'firstrobot_webots' build argument 'cmake_clean_first' from command line to 'False'
[0.291s] Level 5:colcon.colcon_core.verb:set package 'firstrobot_webots' build argument 'cmake_force_configure' from command line to 'False'
[0.291s] Level 5:colcon.colcon_core.verb:set package 'firstrobot_webots' build argument 'ament_cmake_args' from command line to 'None'
[0.291s] Level 5:colcon.colcon_core.verb:set package 'firstrobot_webots' build argument 'catkin_cmake_args' from command line to 'None'
[0.291s] Level 5:colcon.colcon_core.verb:set package 'firstrobot_webots' build argument 'catkin_skip_building_tests' from command line to 'False'
[0.291s] DEBUG:colcon.colcon_core.verb:Building package 'firstrobot_webots' with the following arguments: {'ament_cmake_args': None, 'build_base': '/root/webots_ros2/build/firstrobot_webots', 'catkin_cmake_args': None, 'catkin_skip_building_tests': False, 'cmake_args': None, 'cmake_clean_cache': False, 'cmake_clean_first': False, 'cmake_force_configure': False, 'cmake_target': None, 'cmake_target_skip_unavailable': False, 'install_base': '/root/webots_ros2/install/firstrobot_webots', 'merge_install': False, 'path': '/root/webots_ros2', 'symlink_install': False, 'test_result_base': None}
[0.291s] INFO:colcon.colcon_core.executor:Executing jobs using 'parallel' executor
[0.291s] DEBUG:colcon.colcon_parallel_executor.executor.parallel:run_until_complete
[0.292s] INFO:colcon.colcon_ros.task.ament_cmake.build:Building ROS package in '/root/webots_ros2' with build type 'ament_cmake'
[0.292s] INFO:colcon.colcon_cmake.task.cmake.build:Building CMake package in '/root/webots_ros2'
[0.294s] INFO:colcon.colcon_core.plugin_system:Skipping extension 'colcon_core.shell.bat': Not used on non-Windows systems
[0.294s] INFO:colcon.colcon_core.shell:Skip shell extension 'powershell' for command environment: Not usable outside of PowerShell
[0.294s] DEBUG:colcon.colcon_core.shell:Skip shell extension 'dsv' for command environment
[0.311s] DEBUG:colcon.colcon_core.event_handler.log_command:Invoking command in '/root/webots_ros2/build/firstrobot_webots': CMAKE_PREFIX_PATH=/opt/ros/humble /usr/bin/cmake /root/webots_ros2 -DCMAKE_INSTALL_PREFIX=/root/webots_ros2/install/firstrobot_webots
[5.454s] DEBUG:colcon.colcon_core.event_handler.log_command:Invoked command in '/root/webots_ros2/build/firstrobot_webots' returned '0': CMAKE_PREFIX_PATH=/opt/ros/humble /usr/bin/cmake /root/webots_ros2 -DCMAKE_INSTALL_PREFIX=/root/webots_ros2/install/firstrobot_webots
[5.457s] DEBUG:colcon.colcon_core.event_handler.log_command:Invoking command in '/root/webots_ros2/build/firstrobot_webots': CMAKE_PREFIX_PATH=/opt/ros/humble /usr/bin/cmake --build /root/webots_ros2/build/firstrobot_webots -- -j12 -l12
[14.621s] DEBUG:colcon.colcon_core.event_handler.log_command:Invoked command in '/root/webots_ros2/build/firstrobot_webots' returned '0': CMAKE_PREFIX_PATH=/opt/ros/humble /usr/bin/cmake --build /root/webots_ros2/build/firstrobot_webots -- -j12 -l12
[14.630s] DEBUG:colcon.colcon_core.event_handler.log_command:Invoking command in '/root/webots_ros2/build/firstrobot_webots': CMAKE_PREFIX_PATH=/opt/ros/humble /usr/bin/cmake --install /root/webots_ros2/build/firstrobot_webots
[14.650s] Level 1:colcon.colcon_core.environment:create_environment_scripts_only(firstrobot_webots)
[14.650s] DEBUG:colcon.colcon_core.event_handler.log_command:Invoked command in '/root/webots_ros2/build/firstrobot_webots' returned '0': CMAKE_PREFIX_PATH=/opt/ros/humble /usr/bin/cmake --install /root/webots_ros2/build/firstrobot_webots
[14.693s] Level 1:colcon.colcon_core.environment:checking '/root/webots_ros2/install/firstrobot_webots' for CMake module files
[14.694s] Level 1:colcon.colcon_core.environment:checking '/root/webots_ros2/install/firstrobot_webots' for CMake config files
[14.694s] Level 1:colcon.colcon_core.shell:create_environment_hook('firstrobot_webots', 'cmake_prefix_path')
[14.694s] INFO:colcon.colcon_core.shell:Creating environment hook '/root/webots_ros2/install/firstrobot_webots/share/firstrobot_webots/hook/cmake_prefix_path.ps1'
[14.695s] INFO:colcon.colcon_core.shell:Creating environment descriptor '/root/webots_ros2/install/firstrobot_webots/share/firstrobot_webots/hook/cmake_prefix_path.dsv'
[14.695s] INFO:colcon.colcon_core.shell:Creating environment hook '/root/webots_ros2/install/firstrobot_webots/share/firstrobot_webots/hook/cmake_prefix_path.sh'
[14.696s] Level 1:colcon.colcon_core.environment:checking '/root/webots_ros2/install/firstrobot_webots/lib'
[14.696s] Level 1:colcon.colcon_core.shell:create_environment_hook('firstrobot_webots', 'ld_library_path_lib')
[14.696s] INFO:colcon.colcon_core.shell:Creating environment hook '/root/webots_ros2/install/firstrobot_webots/share/firstrobot_webots/hook/ld_library_path_lib.ps1'
[14.697s] INFO:colcon.colcon_core.shell:Creating environment descriptor '/root/webots_ros2/install/firstrobot_webots/share/firstrobot_webots/hook/ld_library_path_lib.dsv'
[14.697s] INFO:colcon.colcon_core.shell:Creating environment hook '/root/webots_ros2/install/firstrobot_webots/share/firstrobot_webots/hook/ld_library_path_lib.sh'
[14.697s] Level 1:colcon.colcon_core.environment:checking '/root/webots_ros2/install/firstrobot_webots/bin'
[14.697s] Level 1:colcon.colcon_core.environment:checking '/root/webots_ros2/install/firstrobot_webots/lib/pkgconfig/firstrobot_webots.pc'
[14.697s] Level 1:colcon.colcon_core.environment:checking '/root/webots_ros2/install/firstrobot_webots/lib/python3.10/site-packages'
[14.698s] Level 1:colcon.colcon_core.environment:checking '/root/webots_ros2/install/firstrobot_webots/bin'
[14.698s] INFO:colcon.colcon_core.shell:Creating package script '/root/webots_ros2/install/firstrobot_webots/share/firstrobot_webots/package.ps1'
[14.699s] INFO:colcon.colcon_core.shell:Creating package descriptor '/root/webots_ros2/install/firstrobot_webots/share/firstrobot_webots/package.dsv'
[14.700s] INFO:colcon.colcon_core.shell:Creating package script '/root/webots_ros2/install/firstrobot_webots/share/firstrobot_webots/package.sh'
[14.701s] INFO:colcon.colcon_core.shell:Creating package script '/root/webots_ros2/install/firstrobot_webots/share/firstrobot_webots/package.bash'
[14.710s] INFO:colcon.colcon_core.shell:Creating package script '/root/webots_ros2/install/firstrobot_webots/share/firstrobot_webots/package.zsh'
[14.710s] Level 1:colcon.colcon_core.environment:create_file_with_runtime_dependencies(/root/webots_ros2/install/firstrobot_webots/share/colcon-core/packages/firstrobot_webots)
[14.711s] Level 1:colcon.colcon_core.environment:create_environment_scripts_only(firstrobot_webots)
[14.711s] Level 1:colcon.colcon_core.environment:checking '/root/webots_ros2/install/firstrobot_webots' for CMake module files
[14.712s] Level 1:colcon.colcon_core.environment:checking '/root/webots_ros2/install/firstrobot_webots' for CMake config files
[14.712s] Level 1:colcon.colcon_core.shell:create_environment_hook('firstrobot_webots', 'cmake_prefix_path')
[14.712s] INFO:colcon.colcon_core.shell:Creating environment hook '/root/webots_ros2/install/firstrobot_webots/share/firstrobot_webots/hook/cmake_prefix_path.ps1'
[14.712s] INFO:colcon.colcon_core.shell:Creating environment descriptor '/root/webots_ros2/install/firstrobot_webots/share/firstrobot_webots/hook/cmake_prefix_path.dsv'
[14.712s] INFO:colcon.colcon_core.shell:Creating environment hook '/root/webots_ros2/install/firstrobot_webots/share/firstrobot_webots/hook/cmake_prefix_path.sh'
[14.713s] Level 1:colcon.colcon_core.environment:checking '/root/webots_ros2/install/firstrobot_webots/lib'
[14.713s] Level 1:colcon.colcon_core.shell:create_environment_hook('firstrobot_webots', 'ld_library_path_lib')
[14.713s] INFO:colcon.colcon_core.shell:Creating environment hook '/root/webots_ros2/install/firstrobot_webots/share/firstrobot_webots/hook/ld_library_path_lib.ps1'
[14.713s] INFO:colcon.colcon_core.shell:Creating environment descriptor '/root/webots_ros2/install/firstrobot_webots/share/firstrobot_webots/hook/ld_library_path_lib.dsv'
[14.714s] INFO:colcon.colcon_core.shell:Creating environment hook '/root/webots_ros2/install/firstrobot_webots/share/firstrobot_webots/hook/ld_library_path_lib.sh'
[14.714s] Level 1:colcon.colcon_core.environment:checking '/root/webots_ros2/install/firstrobot_webots/bin'
[14.714s] Level 1:colcon.colcon_core.environment:checking '/root/webots_ros2/install/firstrobot_webots/lib/pkgconfig/firstrobot_webots.pc'
[14.714s] Level 1:colcon.colcon_core.environment:checking '/root/webots_ros2/install/firstrobot_webots/lib/python3.10/site-packages'
[14.714s] Level 1:colcon.colcon_core.environment:checking '/root/webots_ros2/install/firstrobot_webots/bin'
[14.715s] INFO:colcon.colcon_core.shell:Creating package script '/root/webots_ros2/install/firstrobot_webots/share/firstrobot_webots/package.ps1'
[14.715s] INFO:colcon.colcon_core.shell:Creating package descriptor '/root/webots_ros2/install/firstrobot_webots/share/firstrobot_webots/package.dsv'
[14.715s] INFO:colcon.colcon_core.shell:Creating package script '/root/webots_ros2/install/firstrobot_webots/share/firstrobot_webots/package.sh'
[14.716s] INFO:colcon.colcon_core.shell:Creating package script '/root/webots_ros2/install/firstrobot_webots/share/firstrobot_webots/package.bash'
[14.716s] INFO:colcon.colcon_core.shell:Creating package script '/root/webots_ros2/install/firstrobot_webots/share/firstrobot_webots/package.zsh'
[14.716s] Level 1:colcon.colcon_core.environment:create_file_with_runtime_dependencies(/root/webots_ros2/install/firstrobot_webots/share/colcon-core/packages/firstrobot_webots)
[14.717s] DEBUG:colcon.colcon_parallel_executor.executor.parallel:closing loop
[14.717s] DEBUG:colcon.colcon_parallel_executor.executor.parallel:loop closed
[14.717s] DEBUG:colcon.colcon_parallel_executor.executor.parallel:run_until_complete finished with '0'
[14.717s] DEBUG:colcon.colcon_core.event_reactor:joining thread
[14.721s] INFO:colcon.colcon_core.plugin_system:Skipping extension 'colcon_notification.desktop_notification.notify_send': Could not find 'notify-send'
[14.721s] INFO:colcon.colcon_core.plugin_system:Skipping extension 'colcon_notification.desktop_notification.terminal_notifier': Not used on non-Darwin systems
[14.721s] INFO:colcon.colcon_core.plugin_system:Skipping extension 'colcon_notification.desktop_notification.win32': Not used on non-Windows systems
[14.721s] INFO:colcon.colcon_notification.desktop_notification:Sending desktop notification using 'notify2'
[14.723s] DEBUG:colcon.colcon_notification.desktop_notification.notify2:Failed to initialize notify2: org.freedesktop.DBus.Error.Spawn.ExecFailed: /usr/bin/dbus-launch terminated abnormally without any error message
[14.723s] DEBUG:colcon.colcon_core.event_reactor:joined thread
[14.724s] INFO:colcon.colcon_core.shell:Creating prefix script '/root/webots_ros2/install/local_setup.ps1'
[14.725s] INFO:colcon.colcon_core.shell:Creating prefix util module '/root/webots_ros2/install/_local_setup_util_ps1.py'
[14.726s] INFO:colcon.colcon_core.shell:Creating prefix chain script '/root/webots_ros2/install/setup.ps1'
[14.727s] INFO:colcon.colcon_core.shell:Creating prefix script '/root/webots_ros2/install/local_setup.sh'
[14.727s] INFO:colcon.colcon_core.shell:Creating prefix util module '/root/webots_ros2/install/_local_setup_util_sh.py'
[14.728s] INFO:colcon.colcon_core.shell:Creating prefix chain script '/root/webots_ros2/install/setup.sh'
[14.728s] INFO:colcon.colcon_core.shell:Creating prefix script '/root/webots_ros2/install/local_setup.bash'
[14.729s] INFO:colcon.colcon_core.shell:Creating prefix chain script '/root/webots_ros2/install/setup.bash'
[14.729s] INFO:colcon.colcon_core.shell:Creating prefix script '/root/webots_ros2/install/local_setup.zsh'
[14.730s] INFO:colcon.colcon_core.shell:Creating prefix chain script '/root/webots_ros2/install/setup.zsh'
